Cosas Android para examen/AndroidStudioProjects/Prueba2/now/build/intermediates/manifest_merge_blame_file/debug/manifest-merger-blame-debug-report.txt
1<?xml version="1.0" encoding="utf-8"?>
2<manifest xmlns:android="http://schemas.android.com/apk/res/android"
3    package="com.commonsware.android.skeleton" >
4
5    <application
5-->src\main\AndroidManifest.xml:5:3-13:17
6        android:debuggable="true"
7        android:testOnly="true" >
8        <activity
8-->src\main\AndroidManifest.xml:6:5-12:16
9            android:name="com.commonsware.android.skeleton.Now"
9-->src\main\AndroidManifest.xml:7:15-33
10            android:label="Now" >
10-->src\main\AndroidManifest.xml:6:15-34
11            <intent-filter>
11-->src\main\AndroidManifest.xml:8:7-11:23
12                <action android:name="android.intent.action.MAIN" />
12-->src\main\AndroidManifest.xml:9:9-61
12-->src\main\AndroidManifest.xml:9:17-58
13
14                <category android:name="android.intent.category.LAUNCHER" />
14-->src\main\AndroidManifest.xml:10:9-69
14-->src\main\AndroidManifest.xml:10:19-66
15            </intent-filter>
16        </activity>
17    </application>
18
19</manifest>